[    0.000000] Initializing cgroup subsys cpuset
[    0.000000] Initializing cgroup subsys cpu
[    0.000000] Initializing cgroup subsys cpuacct
[    0.000000] Linux version 4.4.0-97-generic (buildd@lcy01-33) (gcc version 5.4.0 20160609 (Ubuntu 5.4.0-6ubuntu1~16.04.4) ) #120-Ubuntu SMP Tue Sep 19 17:28:18 UTC 2017 (Ubuntu 4.4.0-97.120-generic 4.4.87)
[    0.000000] Command line: BOOT_IMAGE=/boot/vmlinuz-4.4.0-97-generic root=LABEL=cloudimg-rootfs ro console=tty1 console=ttyS0
[    0.000000] KERNEL supported cpus:
[    0.000000]   Intel GenuineIntel
[    0.000000]   AMD AuthenticAMD
[    0.000000]   Centaur CentaurHauls
[    0.000000] x86/fpu: xstate_offset[2]:  576, xstate_sizes[2]:  256
[    0.000000] x86/fpu: Supporting XSAVE feature 0x01: 'x87 floating point registers'
[    0.000000] x86/fpu: Supporting XSAVE feature 0x02: 'SSE registers'
[    0.000000] x86/fpu: Supporting XSAVE feature 0x04: 'AVX registers'
[    0.000000] x86/fpu: Enabled xstate features 0x7, context size is 832 bytes, using 'standard' format.
[    0.000000] x86/fpu: Using 'lazy' FPU context switches.
[    0.000000] e820: BIOS-provided physical RAM map:
[    0.000000] BIOS-e820: [mem 0x0000000000000000-0x000000000009fbff] usable
[    0.000000] BIOS-e820: [mem 0x000000000009fc00-0x000000000009ffff] reserved
[    0.000000] BIOS-e820: [mem 0x00000000000f0000-0x00000000000fffff] reserved
[    0.000000] BIOS-e820: [mem 0x0000000000100000-0x000000003ffeffff] usable
[    0.000000] BIOS-e820: [mem 0x000000003fff0000-0x000000003fffffff] ACPI data
[    0.000000] BIOS-e820: [mem 0x00000000fec00000-0x00000000fec00fff] reserved
[    0.000000] BIOS-e820: [mem 0x00000000fee00000-0x00000000fee00fff] reserved
[    0.000000] BIOS-e820: [mem 0x00000000fffc0000-0x00000000ffffffff] reserved
[    0.000000] NX (Execute Disable) protection: active
[    0.000000] SMBIOS 2.5 present.
[    0.000000] Hypervisor detected: KVM
[    0.000000] e820: last_pfn = 0x3fff0 max_arch_pfn = 0x400000000
[    0.000000] MTRR: Disabled
[    0.000000] x86/PAT: MTRRs disabled, skipping PAT initialization too.
[    0.000000] CPU MTRRs all blank - virtualized system.
[    0.000000] x86/PAT: Configuration [0-7]: WB  WT  UC- UC  WB  WT  UC- UC  
[    0.000000] found SMP MP-table at [mem 0x0009fff0-0x0009ffff] mapped at [ffff88000009fff0]
[    0.000000] Scanning 1 areas for low memory corruption
[    0.000000] RAMDISK: [mem 0x36adc000-0x37565fff]
[    0.000000] ACPI: Early table checksum verification disabled
[    0.000000] ACPI: RSDP 0x00000000000E0000 000024 (v02 VBOX  )
[    0.000000] ACPI: XSDT 0x000000003FFF0030 00003C (v01 VBOX   VBOXXSDT 00000001 ASL  00000061)
[    0.000000] ACPI: FACP 0x000000003FFF00F0 0000F4 (v04 VBOX   VBOXFACP 00000001 ASL  00000061)
[    0.000000] ACPI: DSDT 0x000000003FFF0470 0021C8 (v02 VBOX   VBOXBIOS 00000002 INTL 20100528)
[    0.000000] ACPI: FACS 0x000000003FFF0200 000040
[    0.000000] ACPI: FACS 0x000000003FFF0200 000040
[    0.000000] ACPI: APIC 0x000000003FFF0240 00005C (v02 VBOX   VBOXAPIC 00000001 ASL  00000061)
[    0.000000] ACPI: SSDT 0x000000003FFF02A0 0001CC (v01 VBOX   VBOXCPUT 00000002 INTL 20100528)
[    0.000000] No NUMA configuration found
[    0.000000] Faking a node at [mem 0x0000000000000000-0x000000003ffeffff]
[    0.000000] NODE_DATA(0) allocated [mem 0x3ffeb000-0x3ffeffff]
[    0.000000] kvm-clock: Using msrs 4b564d01 and 4b564d00
[    0.000000] kvm-clock: cpu 0, msr 0:3ffe3001, primary cpu clock
[    0.000000] kvm-clock: using sched offset of 5175637751 cycles
[    0.000000] clocksource: kvm-clock: mask: 0xffffffffffffffff max_cycles: 0x1cd42e4dffb, max_idle_ns: 881590591483 ns
[    0.000000] Zone ranges:
[    0.000000]   DMA      [mem 0x0000000000001000-0x0000000000ffffff]
[    0.000000]   DMA32    [mem 0x0000000001000000-0x000000003ffeffff]
[    0.000000]   Normal   empty
[    0.000000]   Device   empty
[    0.000000] Movable zone start for each node
[    0.000000] Early memory node ranges
[    0.000000]   node   0: [mem 0x0000000000001000-0x000000000009efff]
[    0.000000]   node   0: [mem 0x0000000000100000-0x000000003ffeffff]
[    0.000000] Initmem setup node 0 [mem 0x0000000000001000-0x000000003ffeffff]
[    0.000000] ACPI: PM-Timer IO Port: 0x4008
[    0.000000] IOAPIC[0]: apic_id 2, version 32, address 0xfec00000, GSI 0-23
[    0.000000] ACPI: INT_SRC_OVR (bus 0 bus_irq 0 global_irq 2 dfl dfl)
[    0.000000] ACPI: INT_SRC_OVR (bus 0 bus_irq 9 global_irq 9 high level)
[    0.000000] Using ACPI (MADT) for SMP configuration information
[    0.000000] smpboot: Allowing 2 CPUs, 0 hotplug CPUs
[    0.000000] PM: Registered nosave memory: [mem 0x00000000-0x00000fff]
[    0.000000] PM: Registered nosave memory: [mem 0x0009f000-0x0009ffff]
[    0.000000] PM: Registered nosave memory: [mem 0x000a0000-0x000effff]
[    0.000000] PM: Registered nosave memory: [mem 0x000f0000-0x000fffff]
[    0.000000] e820: [mem 0x40000000-0xfebfffff] available for PCI devices
[    0.000000] Booting paravirtualized kernel on KVM
[    0.000000] clocksource: refined-jiffies: mask: 0xffffffff max_cycles: 0xffffffff, max_idle_ns: 7645519600211568 ns
[    0.000000] setup_percpu: NR_CPUS:512 nr_cpumask_bits:512 nr_cpu_ids:2 nr_node_ids:1
[    0.000000] PERCPU: Embedded 34 pages/cpu @ffff88003fc00000 s98328 r8192 d32744 u1048576
[    0.000000] PV qspinlock hash table entries: 256 (order: 0, 4096 bytes)
[    0.000000] Built 1 zonelists in Node order, mobility grouping on.  Total pages: 257913
[    0.000000] Policy zone: DMA32
[    0.000000] Kernel command line: BOOT_IMAGE=/boot/vmlinuz-4.4.0-97-generic root=LABEL=cloudimg-rootfs ro console=tty1 console=ttyS0
[    0.000000] PID hash table entries: 4096 (order: 3, 32768 bytes)
[    0.000000] Memory: 1001772K/1048120K available (8480K kernel code, 1294K rwdata, 3984K rodata, 1492K init, 1316K bss, 46348K reserved, 0K cma-reserved)
[    0.000000] SLUB: HWalign=64, Order=0-3, MinObjects=0, CPUs=2, Nodes=1
[    0.000000] Hierarchical RCU implementation.
[    0.000000] 	Build-time adjustment of leaf fanout to 64.
[    0.000000] 	RCU restricting CPUs from NR_CPUS=512 to nr_cpu_ids=2.
[    0.000000] RCU: Adjusting geometry for rcu_fanout_leaf=64, nr_cpu_ids=2
[    0.000000] NR_IRQS:33024 nr_irqs:440 16
[    0.000000] Console: colour VGA+ 80x25
[    0.000000] console [tty1] enabled
[    0.000000] console [ttyS0] enabled
[    0.000000] tsc: Detected 2394.568 MHz processor
[   14.875651] Calibrating delay loop (skipped) preset value.. 4789.13 BogoMIPS (lpj=9578272)
[   15.064368] pid_max: default: 32768 minimum: 301
[   15.098888] ACPI: Core revision 20150930
[   15.202877] ACPI: 2 ACPI AML tables successfully acquired and loaded
[   15.318488] Security Framework initialized
[   15.475243] Yama: becoming mindful.
[   15.512848] AppArmor: AppArmor initialized
[   15.607321] Dentry cache hash table entries: 131072 (order: 8, 1048576 bytes)
[   15.818016] Inode-cache hash table entries: 65536 (order: 7, 524288 bytes)
[   16.022325] Mount-cache hash table entries: 2048 (order: 2, 16384 bytes)
[   16.137540] Mountpoint-cache hash table entries: 2048 (order: 2, 16384 bytes)
[   16.320039] Initializing cgroup subsys io
[   16.406244] Initializing cgroup subsys memory
[   16.440083] Initializing cgroup subsys devices
[   16.522218] Initializing cgroup subsys freezer
[   16.623865] Initializing cgroup subsys net_cls
[   16.727198] Initializing cgroup subsys perf_event
[   16.831164] Initializing cgroup subsys net_prio
[   16.947476] Initializing cgroup subsys hugetlb
[   17.062846] Initializing cgroup subsys pids
[   17.156956] CPU: Physical Processor ID: 0
[   17.159123] CPU: Processor Core ID: 0
[   17.161911] mce: CPU supports 0 MCE banks
[   17.163960] Last level iTLB entries: 4KB 512, 2MB 8, 4MB 8
[   17.166512] Last level dTLB entries: 4KB 512, 2MB 32, 4MB 32, 1GB 0
[   17.174720] Freeing SMP alternatives memory: 32K
[   17.375142] ftrace: allocating 32148 entries in 126 pages
[   17.698571] smpboot: APIC(0) Converting physical 0 to logical package 0
[   17.900769] smpboot: Max logical packages: 1
[   18.015837] x2apic enabled
[   18.107435] Switched APIC routing to physical x2apic.
[   18.286682] ..TIMER: vector=0x30 apic1=0 pin1=2 apic2=-1 pin2=-1
[   18.590733] APIC calibration not consistent with PM-Timer: 192ms instead of 100ms
[   18.844568] APIC delta adjusted to PM-Timer: 6251200 (12063469)
[   19.016297] smpboot: CPU0: Intel(R) Core(TM) i7-3630QM CPU @ 2.40GHz (family: 0x6, model: 0x3a, stepping: 0x9)
[   19.041564] Performance Events: unsupported p6 CPU model 58 no PMU driver, software events only.
[   19.253097] KVM setup paravirtual spinlock
[   19.368462] x86: Booting SMP configuration:
[   19.523504] .... node  #0, CPUs:      #1
[   19.634241] kvm-clock: cpu 1, msr 0:3ffe3041, secondary cpu clock
[   19.739151] mce: CPU supports 0 MCE banks
[   19.765011] x86: Booted up 1 node, 2 CPUs
[   19.855176] smpboot: Total of 2 processors activated (9578.27 BogoMIPS)
[   20.045144] devtmpfs: initialized
[   20.068629] evm: security.selinux
[   20.083886] evm: security.SMACK64
[   20.145434] evm: security.SMACK64EXEC
[   20.147586] evm: security.SMACK64TRANSMUTE
[   20.171755] evm: security.SMACK64MMAP
[   20.187095] evm: security.ima
[   20.257824] evm: security.capability
[   20.302176] clocksource: jiffies: mask: 0xffffffff max_cycles: 0xffffffff, max_idle_ns: 7645041785100000 ns
[   20.320797] futex hash table entries: 512 (order: 3, 32768 bytes)
[   20.357850] pinctrl core: initialized pinctrl subsystem
[   20.361269] RTC time: 20:49:31, date: 11/06/17
[   20.372949] NET: Registered protocol family 16
[   20.393460] cpuidle: using governor ladder
[   20.406120] cpuidle: using governor menu
[   20.415383] PCCT header not found.
[   20.425488] ACPI: bus type PCI registered
[   20.462784] acpiphp: ACPI Hot Plug PCI Controller Driver version: 0.5
[   20.495432] PCI: Using configuration type 1 for base access
[   20.610935] ACPI: Added _OSI(Module Device)
[   20.690532] ACPI: Added _OSI(Processor Device)
[   20.802603] ACPI: Added _OSI(3.0 _SCP Extensions)
[   21.007585] ACPI: Added _OSI(Processor Aggregator Device)
[   21.022714] ACPI: Executed 1 blocks of module-level executable AML code
[   21.227936] ACPI: Interpreter enabled
[   21.289139] ACPI: (supports S0 S5)
[   21.384359] ACPI: Using IOAPIC for interrupt routing
[   21.513329] PCI: Using host bridge windows from ACPI; if necessary, use "pci=nocrs" and report a bug
[   21.626505] ACPI: PCI Root Bridge [PCI0] (domain 0000 [bus 00-ff])
[   21.851151] acpi PNP0A03:00: _OSC: OS supports [ASPM ClockPM Segments MSI]
[   22.165502] acpi PNP0A03:00: _OSC failed (AE_NOT_FOUND); disabling ASPM
[   22.420860] acpi PNP0A03:00: fail to add MMCONFIG information, can't access extended PCI configuration space under this bridge.
[   22.478366] PCI host bridge to bus 0000:00
[   22.536924] pci_bus 0000:00: root bus resource [io  0x0000-0x0cf7 window]
[   22.552115] pci_bus 0000:00: root bus resource [io  0x0d00-0xffff window]
[   22.626941] pci_bus 0000:00: root bus resource [mem 0x000a0000-0x000bffff window]
[   22.886218] pci_bus 0000:00: root bus resource [mem 0x40000000-0xffdfffff window]
[   23.171590] pci_bus 0000:00: root bus resource [bus 00-ff]
[   23.271354] pci 0000:00:01.1: legacy IDE quirk: reg 0x10: [io  0x01f0-0x01f7]
[   23.367289] pci 0000:00:01.1: legacy IDE quirk: reg 0x14: [io  0x03f6]
[   23.388832] pci 0000:00:01.1: legacy IDE quirk: reg 0x18: [io  0x0170-0x0177]
[   23.397338] pci 0000:00:01.1: legacy IDE quirk: reg 0x1c: [io  0x0376]
[   23.511707] pci 0000:00:07.0: quirk: [io  0x4000-0x403f] claimed by PIIX4 ACPI
[   23.582756] pci 0000:00:07.0: quirk: [io  0x4100-0x410f] claimed by PIIX4 SMB
[   23.864304] ACPI: PCI Interrupt Link [LNKA] (IRQs 5 9 10 *11)
[   23.989423] ACPI: PCI Interrupt Link [LNKB] (IRQs 5 9 10 *11)
[   24.190860] ACPI: PCI Interrupt Link [LNKC] (IRQs 5 9 *10 11)
[   24.395917] ACPI: PCI Interrupt Link [LNKD] (IRQs 5 *9 10 11)
[   24.481259] ACPI: Enabled 2 GPEs in block 00 to 07
[   24.609119] vgaarb: setting as boot device: PCI:0000:00:02.0
[   24.741630] vgaarb: device added: PCI:0000:00:02.0,decodes=io+mem,owns=io+mem,locks=none
[   25.031125] vgaarb: loaded
[   25.134638] vgaarb: bridge control possible 0000:00:02.0
[   25.315810] SCSI subsystem initialized
[   25.402776] ACPI: bus type USB registered
[   25.450074] usbcore: registered new interface driver usbfs
[   25.710159] usbcore: registered new interface driver hub
[   25.839836] usbcore: registered new device driver usb
[   26.024974] PCI: Using ACPI for IRQ routing
[   26.029863] NetLabel: Initializing
[   26.031698] NetLabel:  domain hash size = 128
[   26.161769] NetLabel:  protocols = UNLABELED CIPSOv4
[   26.290671] NetLabel:  unlabeled traffic allowed by default
[   26.456336] amd_nb: Cannot enumerate AMD northbridges
[   26.658293] clocksource: Switched to clocksource kvm-clock
[   26.868819] AppArmor: AppArmor Filesystem Enabled
[   26.954666] pnp: PnP ACPI init
[   27.008113] pnp: PnP ACPI: found 3 devices
[   27.275353] clocksource: acpi_pm: mask: 0xffffff max_cycles: 0xffffff, max_idle_ns: 2085701024 ns
[   27.692608] NET: Registered protocol family 2
[   27.740149] TCP established hash table entries: 8192 (order: 4, 65536 bytes)
[   27.795934] TCP bind hash table entries: 8192 (order: 5, 131072 bytes)
[   27.994373] TCP: Hash tables configured (established 8192 bind 8192)
[   28.099430] UDP hash table entries: 512 (order: 2, 16384 bytes)
[   28.346990] UDP-Lite hash table entries: 512 (order: 2, 16384 bytes)
[   28.533264] NET: Registered protocol family 1
[   28.745769] pci 0000:00:00.0: Limiting direct PCI/PCI transfers
[   28.966375] pci 0000:00:01.0: Activating ISA DMA hang workarounds
[   29.157674] Unpacking initramfs...
[   37.241654] Freeing initrd memory: 10792K
[   37.355138] RAPL PMU detected, API unit is 2^-32 Joules, 3 fixed counters 10737418240 ms ovfl timer
[   37.453694] hw unit of domain pp0-core 2^-0 Joules
[   37.485556] hw unit of domain package 2^-0 Joules
[   37.665989] hw unit of domain pp1-gpu 2^-0 Joules
[   37.754621] platform rtc_cmos: registered platform RTC device (no PNP device found)
[   37.891270] Scanning for low memory corruption every 60 seconds
[   37.994270] audit: initializing netlink subsys (disabled)
[   38.187968] audit: type=2000 audit(1510001369.947:1): initialized
[   38.203244] Initialise system trusted keyring
[   38.270794] HugeTLB registered 2 MB page size, pre-allocated 0 pages
[   38.290143] zbud: loaded
[   38.297941] VFS: Disk quotas dquot_6.6.0
[   38.319269] VFS: Dquot-cache hash table entries: 512 (order 0, 4096 bytes)
[   38.370222] squashfs: version 4.0 (2009/01/31) Phillip Lougher
[   38.388276] fuse init (API version 7.23)
[   38.489436] Key type big_key registered
[   38.596526] Allocating IMA MOK and blacklist keyrings.
[   38.790009] tsc: Refined TSC clocksource calibration: 2394.380 MHz
[   38.889877] clocksource: tsc: mask: 0xffffffffffffffff max_cycles: 0x22837a616e0, max_idle_ns: 440795284909 ns
[   39.021328] Key type asymmetric registered
[   39.159298] Asymmetric key parser 'x509' registered
[   39.238089] Block layer SCSI generic (bsg) driver version 0.4 loaded (major 249)
[   39.242685] io scheduler noop registered
[   39.341825] io scheduler deadline registered (default)
[   39.449491] io scheduler cfq registered
[   39.538562] pci_hotplug: PCI Hot Plug PCI Core version: 0.5
[   39.783469] pciehp: PCI Express Hot Plug Controller Driver version: 0.4
[   40.080155] ACPI: AC Adapter [AC] (on-line)
[   40.202193] input: Power Button as /devices/LNXSYSTM:00/LNXPWRBN:00/input/input0
[   40.479537] ACPI: Power Button [PWRF]
[   40.499488] input: Sleep Button as /devices/LNXSYSTM:00/LNXSLPBN:00/input/input1
[   40.723190] ACPI: Sleep Button [SLPF]
[   40.908249] GHES: HEST is not enabled!
[   40.909939] ACPI: Battery Slot [BAT0] (battery present)
[   41.320440] Serial: 8250/16550 driver, 32 ports, IRQ sharing enabled
[   41.521323] 00:02: ttyS0 at I/O 0x3f8 (irq = 4, base_baud = 115200) is a 16550A
[   41.690213] Linux agpgart interface v0.103
[   41.717337] loop: module loaded
[   41.797719] scsi host0: ata_piix
[   41.837578] scsi host1: ata_piix
[   41.884643] ata1: PATA max UDMA/33 cmd 0x1f0 ctl 0x3f6 bmdma 0xd000 irq 14
[   41.896561] ata2: PATA max UDMA/33 cmd 0x170 ctl 0x376 bmdma 0xd008 irq 15
[   41.901185] libphy: Fixed MDIO Bus: probed
[   41.913198] tun: Universal TUN/TAP device driver, 1.6
[   42.042291] tun: (C) 1999-2004 Max Krasnyansky <maxk@qualcomm.com>
[   42.353373] PPP generic driver version 2.4.2
[   42.524894] ehci_hcd: USB 2.0 'Enhanced' Host Controller (EHCI) Driver
[   42.724868] ehci-pci: EHCI PCI platform driver
[   42.729975] ehci-platform: EHCI generic platform driver
[   42.737070] ohci_hcd: USB 1.1 'Open' Host Controller (OHCI) Driver
[   42.847869] ohci-pci: OHCI PCI platform driver
[   43.050103] ohci-platform: OHCI generic platform driver
[   43.139903] uhci_hcd: USB Universal Host Controller Interface driver
[   43.239805] i8042: PNP: PS/2 Controller [PNP0303:PS2K,PNP0f03:PS2M] at 0x60,0x64 irq 1,12
[   43.349844] serio: i8042 KBD port at 0x60,0x64 irq 1
[   43.438239] serio: i8042 AUX port at 0x60,0x64 irq 12
[   43.562709] mousedev: PS/2 mouse device common for all mice
[   43.569446] rtc_cmos rtc_cmos: rtc core: registered rtc_cmos as rtc0
[   43.759223] input: AT Translated Set 2 keyboard as /devices/platform/i8042/serio0/input/input2
[   43.876802] rtc_cmos rtc_cmos: alarms up to one day, 114 bytes nvram
[   43.886569] i2c /dev entries driver
[   43.977436] device-mapper: uevent: version 1.0.3
[   44.153078] device-mapper: ioctl: 4.34.0-ioctl (2015-10-28) initialised: dm-devel@redhat.com
[   44.577096] ledtrig-cpu: registered to indicate activity on CPUs
[   44.894881] NET: Registered protocol family 10
[   45.014943] NET: Registered protocol family 17
[   45.109266] Key type dns_resolver registered
[   45.235916] microcode: CPU0 sig=0x306a9, pf=0x2, revision=0x19
[   45.447670] microcode: CPU1 sig=0x306a9, pf=0x2, revision=0x19
[   45.496211] microcode: Microcode Update Driver: v2.01 <tigran@aivazian.fsnet.co.uk>, Peter Oruba
[   45.844867] registered taskstats version 1
[   46.031749] Loading compiled-in X.509 certificates
[   46.035810] Loaded X.509 cert 'Build time autogenerated kernel key: d1010f9627fd9242df4b03365d2931dfd1ad3d42'
[   46.344532] zswap: loaded using pool lzo/zbud
[   46.559533] Key type trusted registered
[   46.672335] Key type encrypted registered
[   46.851763] AppArmor: AppArmor sha1 policy hashing enabled
[   47.057786] ima: No TPM chip found, activating TPM-bypass!
[   47.211310] evm: HMAC attrs: 0x1
[   47.293337]   Magic number: 9:391:851
[   47.379597]  index3: hash matches
[   47.381508]  index3: hash matches
[   47.401677] rtc_cmos rtc_cmos: setting system clock to 2017-11-06 20:49:58 UTC (1510001398)
[   47.408797] BIOS EDD facility v0.16 2004-Jun-25, 0 devices found
[   47.694252] EDD information not available.
[   47.821985] Freeing unused kernel memory: 1492K
[   48.010472] Write protecting the kernel read-only data: 14336k
[   48.301308] Freeing unused kernel memory: 1748K
[   48.440292] Freeing unused kernel memory: 112K
Loading, please wait...
[   48.633734] random: systemd-udevd: uninitialized urandom read (16 bytes read, 4 bits of entropy available)
starting version[   48.635259] random: udevadm: uninitialized urandom read (16 bytes read, 4 bits of entropy available)
 229
[   48.635303] random: udevadm: uninitialized urandom read (16 bytes read, 4 bits of entropy available)
[   48.655295] random: udevadm: uninitialized urandom read (16 bytes read, 4 bits of entropy available)
[   48.655380] random: udevadm: uninitialized urandom read (16 bytes read, 4 bits of entropy available)
[   48.655706] random: udevadm: uninitialized urandom read (16 bytes read, 4 bits of entropy available)
[   48.655835] random: udevadm: uninitialized urandom read (16 bytes read, 4 bits of entropy available)
[   48.655952] random: udevadm: uninitialized urandom read (16 bytes read, 4 bits of entropy available)
[   48.656064] random: udevadm: uninitialized urandom read (16 bytes read, 4 bits of entropy available)
[   48.656174] random: udevadm: uninitialized urandom read (16 bytes read, 4 bits of entropy available)
[   51.613035] e1000: Intel(R) PRO/1000 Network Driver - version 7.3.21-k8-NAPI
[   51.733827] e1000: Copyright (c) 1999-2006 Intel Corporation.
[   51.821580] Fusion MPT base driver 3.04.20
[   51.939246] Copyright (c) 1999-2008 LSI Corporation
[   52.133306] Fusion MPT SPI Host driver 3.04.20
[   52.347872] AVX version of gcm_enc/dec engaged.
[   52.471026] AES CTR mode by8 optimization enabled
[   52.737656] input: ImExPS/2 Generic Explorer Mouse as /devices/platform/i8042/serio1/input/input4
[   53.006484] e1000 0000:00:03.0 eth0: (PCI:33MHz:32-bit) 02:51:17:41:23:cb
[   53.180507] e1000 0000:00:03.0 eth0: Intel(R) PRO/1000 Network Connection
[   53.382108] mptbase: ioc0: Initiating bringup
[   53.501125] e1000 0000:00:03.0 enp0s3: renamed from eth0
[   53.676007] ioc0: LSI53C1030 A0: Capabilities={Initiator}
[   54.068216] scsi host2: ioc0: LSI53C1030 A0, FwRev=00000000h, Ports=1, MaxQ=256, IRQ=20
[   54.364384] scsi 2:0:0:0: Direct-Access     VBOX     HARDDISK         1.0  PQ: 0 ANSI: 5
[   54.604109] scsi target2:0:0: Beginning Domain Validation
[   54.908386] scsi target2:0:0: Domain Validation skipping write tests
[   55.088215] scsi target2:0:0: Ending Domain Validation
[   55.222209] floppy0: no floppy controllers found
[   55.226858] scsi target2:0:0: asynchronous
[   55.307536] scsi 2:0:1:0: Direct-Access     VBOX     HARDDISK         1.0  PQ: 0 ANSI: 5
[   55.307549] scsi target2:0:1: Beginning Domain Validation
[   55.310125] scsi target2:0:1: Domain Validation skipping write tests
[   55.310164] scsi target2:0:1: Ending Domain Validation
[   55.310314] scsi target2:0:1: asynchronous
[   55.326520] sd 2:0:0:0: [sda] 20971520 512-byte logical blocks: (10.7 GB/10.0 GiB)
[   55.326918] sd 2:0:0:0: Attached scsi generic sg0 type 0
[   55.327455] sd 2:0:0:0: [sda] Write Protect is off
[   55.328293] sd 2:0:0:0: [sda] Incomplete mode parameter data
[   55.328297] sd 2:0:0:0: [sda] Assuming drive cache: write through
[   55.329682] sd 2:0:1:0: Attached scsi generic sg1 type 0
[   55.330936] sd 2:0:1:0: [sdb] 20480 512-byte logical blocks: (10.5 MB/10.0 MiB)
[   55.331526] sd 2:0:1:0: [sdb] Write Protect is off
[   55.332780]  sda: sda1
[   55.333093] sd 2:0:1:0: [sdb] Incomplete mode parameter data
[   55.333166] sd 2:0:1:0: [sdb] Assuming drive cache: write through
[   55.335046] sd 2:0:0:0: [sda] Attached SCSI disk
[   55.339255] sd 2:0:1:0: [sdb] Attached SCSI disk
Begin: Loading e[   58.537495] md: linear personality registered for level -1
ssential drivers[   58.699388] md: multipath personality registered for level -4
 ... [   58.978042] md: raid0 personality registered for level 0
[   59.145687] md: raid1 personality registered for level 1
[   59.390883] raid6: sse2x1   gen()  3364 MB/s
[   59.474547] raid6: sse2x1   xor()   741 MB/s
[   59.566391] raid6: sse2x2   gen()   704 MB/s
[   59.668185] raid6: sse2x2   xor()  1068 MB/s
[   59.771729] raid6: sse2x4   gen()  3054 MB/s
[   59.979859] raid6: sse2x4   xor()  3206 MB/s
[   60.088370] raid6: using algorithm sse2x1 gen() 3364 MB/s
[   60.109254] raid6: .... xor() 741 MB/s, rmw enabled
[   60.111635] raid6: using ssse3x2 recovery algorithm
[   60.292244] xor: automatically using best checksumming function:
[   60.546779]    avx       :  6692.000 MB/sec
[   60.740873] async_tx: api initialized (async)
[   60.783654] md: raid6 personality registered for level 6
[   60.916052] md: raid5 personality registered for level 5
[   61.039428] md: raid4 personality registered for level 4
[   61.085538] md: raid10 personality registered for level 10
done.
Begin: Running /scripts/init-premount ... done.
Begin: Mounting root file system ... Beg[   61.328352] Btrfs loaded
in: Running /scripts/local-top ... done.
Begin: Running /scripts/local-premount ... Scanning for Btrfs filesyst[   61.476935] EXT4-fs (sda1): mounted filesystem with ordered data mode. Opts: (null)
ems
done.
Warning: fsck not present, so skipping root file system
done.
Begin: Running /scripts/local-bottom ... done.
Begin: Running /scripts/init-bottom ... done.
[   61.674694] systemd[1]: systemd 229 running in system mode. (+PAM +AUDIT +SELINUX +IMA +APPARMOR +SMACK +SYSVINIT +UTMP +LIBCRYPTSETUP +GCRYPT +GNUTLS +ACL +XZ -LZ4 +SECCOMP +BLKID +ELFUTILS +KMOD -IDN)
[   62.167717] systemd[1]: Detected virtualization oracle.
[   62.287098] systemd[1]: Detected architecture x86-64.

Welcome to [1mUbuntu 16.04.3 LTS[0m!

[   62.500466] systemd[1]: Set hostname to <ubuntu>.
[   62.566587] systemd[1]: Initializing machine ID from random generator.
[   62.595748] systemd[1]: Installed transient /etc/machine-id file.
[   62.914625] systemd[1]: Reached target Encrypted Volumes.
[[0;32m  OK  [0m] Reached target Encrypted Volumes.
[   63.075016] systemd[1]: Listening on Device-mapper event daemon FIFOs.
[[0;32m  OK  [0m] Listening on Device-mapper event daemon FIFOs.
[   63.283530] systemd[1]: Reached target User and Group Name Lookups.
[[0;32m  OK  [0m] Reached target User and Group Name Lookups.
[   63.547973] systemd[1]: Set up automount Arbitrary Executable File Formats File System Automount Point.
[[0;32m  OK  [0m] Set up automount Arbitrary Executab...ats File System Automount Point.
[   63.842937] systemd[1]: Listening on LVM2 metadata daemon socket.
[[0;32m  OK  [0m] Listening on LVM2 metadata daemon socket.
[   63.947799] systemd[1]: Created slice System Slice.
[[0;32m  OK  [0m] Created slice System Slice.
[   64.185677] systemd[1]: Created slice system-serial\x2dgetty.slice.
[[0;32m  OK  [0m] Created slice system-serial\x2dgetty.slice.
[   64.407625] systemd[1]: Created slice User and Session Slice.
[[0;32m  OK  [0m] Created slice User and Session Slice.
[   64.566861] systemd[1]: Reached target Slices.
[[0;32m  OK  [0m] Reached target Slices.
[   64.751487] systemd[1]: Listening on Journal Audit Socket.
[[0;32m  OK  [0m] Listening on Journal Audit Socket.
[   65.003787] systemd[1]: Listening on udev Control Socket.
[[0;32m  OK  [0m] Listening on udev Control Socket.
[   65.025713] systemd[1]: Reached target Swap.
[[0;32m  OK  [0m] Reached target Swap.
[   65.119144] systemd[1]: Listening on Journal Socket.
[[0;32m  OK  [0m] Listening on Journal Socket.
[   65.311315] systemd[1]: Starting Uncomplicated firewall...
[   65.312180] random: nonblocking pool is initialized
         Starting Uncomplicated firewall...
[   65.586879] systemd[1]: Starting Set console keymap...
         Starting Set console keymap...
[   65.671482] systemd[1]: Starting Load Kernel Modules...
         Startin[   65.787531] Loading iSCSI transport class v2.0-870.
g Load Kernel Modules...
[   65.979790] iscsi: registered transport (tcp)
[   66.130811] systemd[1]: Starting Create list of required static device nodes for the current kernel...
         Starting Create list of required st... nodes for the current kernel...
[   66.515802] systemd[1]: Starting Nameserver information manager...
         Starting Nameserver information manager...
[   66.524862] systemd[1]: Starting Monitoring of LVM2 mirrors, snapshots etc. using dmeventd or progress polling...
         Starting Monitoring of LVM2 mirrors... dmeventd or progress polling...
[   66.715947] systemd[1]: Listening on Journal Socket (/dev/log).
[[0;32m  OK  [0m] Listening on Journal Socket (/dev/log).
[   66.738146] iscsi: registered transport (iser)
[   66.738372] systemd[1]: Started Trigger resolvconf update for networkd DNS.
[[0;32m  OK  [0m] Started Trigger resolvconf update for networkd DNS.
[   66.977101] systemd[1]: Listening on /dev/initctl Compatibility Named Pipe.
[[0;32m  OK  [0m] Listening on /dev/initctl Compatibility Named Pipe.
[   67.411719] systemd[1]: Started Forward Password Requests to Wall Directory Watch.
[[0;32m  OK  [0m] Started Forward Password Requests to Wall Directory Watch.
[   67.894836] systemd[1]: Mounting Huge Pages File System...
         Mounting Huge Pages File System...
[   68.103572] systemd[1]: Listening on udev Kernel Socket.
[[0;32m  OK  [0m] Listening on udev Kernel Socket.
[   68.359204] systemd[1]: Starting Remount Root and Kernel File Systems...
         [   68.547149] EXT4-fs (sda1): re-mounted. Opts: (null)
Starting Remount Root and Kernel File Systems...
[   68.815169] systemd[1]: Listening on Syslog Socket.
[[0;32m  OK  [0m] Listening on Syslog Socket.
[   69.023372] systemd[1]: Starting Journal Service...
         Starting Journal Service...
[   69.262796] systemd[1]: Mounting Debug File System...
         Mounting Debug File System...
[   69.538737] systemd[1]: Mounting POSIX Message Queue File System...
         Mounting POSIX Message Queue File System...
[   69.834899] systemd[1]: Listening on LVM2 poll daemon socket.
[[0;32m  OK  [0m] Listening on LVM2 poll daemon socket.
[   70.048604] systemd[1]: Mounted POSIX Message Queue File System.
[[0;32m  OK  [0m] Mounted POSIX Message Queue File System.
[   70.327196] systemd[1]: Mounted Huge Pages File System.
[[0;32m  OK  [0m] Mounted Huge Pages File System.
[   70.595648] systemd[1]: Mounted Debug File System.
[[0;32m  OK  [0m] Mounted Debug File System.
[   70.871673] systemd[1]: Started Journal Service.
[[0;32m  OK  [0m] Started Journal Service.
[[0;32m  OK  [0m] Started Uncomplicated firewall.
[[0;32m  OK  [0m] Started Set console keymap.
[[0;32m  OK  [0m] Started Load Kernel Modules.
[[0;32m  OK  [0m] Started Create list of required sta...ce nodes for the current kernel.
[[0;32m  OK  [0m] Started Remount Root and Kernel File Systems.
[[0;32m  OK  [0m] Started Nameserver information manager.
[[0;32m  OK  [0m] Started LVM2 metadata daemon.
         Starting Initial cloud-init job (pre-networking)...
         Starting Load/Save Random Seed...
         Starting udev Coldplug all Devices...
         Starting Create Static Device Nodes in /dev...
         Starting Apply Kernel Variables...
         Mounting FUSE Control File System...
         Starting Flush Journal to Persistent Storage...
[[0;32m  OK  [0m] Mounted FUSE Control File System.
[[0;32m  OK  [0m] Started Load/Save Random Seed.
[[0;32m  OK  [0m] Started Create Static Device Nodes in /dev.
[[0;32m  OK  [0m] Started Monitoring of LVM2 mirrors,...ng dmeventd or progress polling.
[[0;32m  OK  [0m] Started Apply Kernel Variables.
[[0;32m  OK  [0m] Started udev Coldplug all Devices.
[[0;32m  OK  [0m] Started Flush Journal to Persistent Storage.
         Starting udev Kernel Device Manager...
[[0;32m  OK  [0m] Started udev Kernel Device Manager.
[[0;32m  OK  [0m] Reached target Local File Systems (Pre).
[[0;32m  OK  [0m] Reached target Local File Systems.
         Starting Set console font and keymap...
         Starting Create Volatile Files and Directories...
         Starting Commit a transient machine-id on disk...
         Starting Tell Plymouth To Write Out Runtime Data...
         Starting LSB: AppArmor initialization...
[[0;32m  OK  [0m] Started Dispatch Password Requests to Console Directory Watch.
[[0;32m  OK  [0m] Started Create Volatile Files and Directories.
[[0;32m  OK  [0m] Started Commit a transient machine-id on disk.
[   49.740310] [cloud-init[0;32m  OK  [0m[441]: ] Cloud-init v. 0.7.9 running 'init-local' at Mon, 06 Nov 2017 20:50:25 +0000. Up 48.27 seconds.Started Tell Plymouth To Write Out Runtime Data.

[[0;32m  OK  [0m] Found device /dev/ttyS0.
[[0;32m  OK  [0m] Started Initial cloud-init job (pre-networking).
[[0;32m  OK  [0m] Started Set console font and keymap.
[[0;32m  OK  [0m] Created slice system-getty.slice.
[[0;32m  OK  [0m] Reached target Network (Pre).
[[0;32m  OK  [0m] Listening on Load/Save RF Kill Switch Status /dev/rfkill Watch.
         Starting Update UTMP about System Boot/Shutdown...
[[0;32m  OK  [0m] Reached target System Time Synchronized.
[[0;32m  OK  [0m] Started Update UTMP about System Boot/Shutdown.
[[0;32m  OK  [0m] Started LSB: AppArmor initialization.
         Starting Raise network interfaces...
[[0;32m  OK  [0m] Started Raise network interfaces.
         Starting Initial cloud-init job (metadata service crawler)...
[[0;32m  OK  [0m] Reached target Network.
[   56.778626] cloud-init[924]: Cloud-init v. 0.7.9 running 'init' at Mon, 06 Nov 2017 20:50:31 +0000. Up 54.92 seconds.
[   56.798060] cloud-init[924]: ci-info: +++++++++++++++++++++++++++++++++++++Net device info++++++++++++++++++++++++++++++++++++++
[   56.988882] cloud-init[924]: ci-info: +--------+------+----------------------------+---------------+-------+-------------------+
[[0;32m  OK  [0m] Started Initial cloud-init job (metadata service crawler).
[   57.140317] cloud-init[924]: ci-info: | Device |  Up  |          Address           |      Mask     | Scope |     Hw-Address    |
[   57.165652] cloud-init[924]: ci-info: +--------+------+----------------------------+---------------+-------+-------------------+
[   57.254466] cloud-init[924]: ci-info: | enp0s3 | True |         10.0.2.15          | 255.255.255.0 |   .   | 02:51:17:41:23:cb |
[[0;32m  OK  [0m] Reached target System Initialization.
[   57.298512] cloud-init[924]: ci-info: | enp0s3 | True | fe80::51:17ff:fe41:23cb/64 |       .       |  link | 02:51:17:41:23:cb |
[   57.508806] cloud-init[924]: ci-info: |   lo   | True |         127.0.0.1          |   255.0.0.0   |   .   |         .         |
[   57.640828] cloud-init[924]: ci-info: |   lo   | True |          ::1/128           |       .       |  host |         .         |
[   57.641739] cloud-init[924]: ci-info: +--------+------+----------------------------+---------------+-------+-------------------+
[   57.641976] cloud-init[924]: ci-info: +++++++++++++++++++++++++++Route IPv4 info++++++++++++++++++++++++++++
[   57.642183] cloud-init[924]: ci-info: +-------+-------------+----------+---------------+-----------+-------+
[   57.642377] cloud-init[924]: ci-info: | Route | Destination | Gateway  |    Genmask    | Interface | Flags |
[   57.642543] cloud-init[924]: ci-info: +-------+-------------+----------+---------------+-----------+-------+
[   57.642781] cloud-init[924]: ci-info: |   0   |   0.0.0.0   | 10.0.2.2 |    0.0.0.0    |   enp0s3  |   UG  |
[   57.642985] cloud-init[924]: ci-info: |   1   |   10.0.2.0  | 0.0.0.0  | 255.255.255.0 |   enp0s3  |   U   |
[   57.643198] cloud-init[924]: ci-info: +-------+-------------+----------+---------------+-----------+-------+
[   57.643423] cloud-init[924]: Generating public/private rsa key pair.
[   57.643595] cloud-init[924]: Your identification has been saved in /etc/ssh/ssh_host_rsa_key.
[   57.643824] cloud-init[924]: Your public key has been saved in /etc/ssh/ssh_host_rsa_key.pub.
[   57.644021] cloud-init[924]: The key fingerprint is:
[   57.644219] cloud-init[924]: SHA256:yvX9jAn1Y6gDtFkTXzm3CFGpmNGr28vuqydt66s2QyU root@ubuntu-xenial
         Starting LXD - unix socket.
[[0;32m  OK  [0m] Started Timer to automatically fetch and run repair assertions.
[   57.644582] cloud-init[924]: The key's randomart image is:
[   58.620809] cloud-init[924]: +---[RSA 2048]----+
[[0;32m  OK  [0m] Started Timer to automatically refresh installed snaps.
[[0;32m  OK  [0m] Listening on D-Bus System Message Bus Socket.
[   58.682602] cloud-init[924]: |          ..o... |
[   58.888782] cloud-init[924]: |         ..o .+ .|
[   58.945420] cloud-init[924]: |          +o+..o.|
[   58.988740] cloud-init[924]: |        .Eo+.. . |
[   58.989466] cloud-init[924]: |       .S++..    |
[   58.989579] cloud-init[924]: |     . o++ o o   |
[   58.989744] cloud-init[924]: |      o ..* o +  |
[   58.989907] cloud-init[924]: |         *oB * . |
[   58.990013] cloud-init[924]: |        .o&@B o  |
[   58.990286] cloud-init[924]: +----[SHA256]-----+
[   58.990401] cloud-init[924]: Generating public/private dsa key pair.
[   58.990547] cloud-init[924]: Your identification has been saved in /etc/ssh/ssh_host_dsa_key.
[   58.990670] cloud-init[924]: Your public key has been saved in /etc/ssh/ssh_host_dsa_key.pub.
[   58.990809] cloud-init[924]: The key fingerprint is:
[   58.990917] cloud-init[924]: SHA256:nSl96EwrNmmVenQN79LCITQWWP4KkoaFqmmmtEwIMIc root@ubuntu-xenial
[   58.991016] cloud-init[924]: The key's randomart image is:
[   58.991111] cloud-init[924]: +---[DSA 1024]----+
[   58.991266] cloud-init[924]: |         oo      |
[   58.991377] cloud-init[924]: | .   .  .. .     |
[   58.991525] cloud-init[924]: |E . . .   = .    |
[   58.991679] cloud-init[924]: |.o . o . = B +   |
[   58.991826] cloud-init[924]: |. . . + S % = o  |
[   58.991934] cloud-init[924]: |oo   . . @ B +   |
[   58.992080] cloud-init[924]: |+=      B * + o  |
[   58.992182] cloud-init[924]: |B .    o +   o   |
         Starting Socket activation for snappy daemon.
[[0;32m  OK  [0m] Started Daily Cleanup of Temporary Directories.
[[0;32m  OK  [0m] Listening on UUID daemon activation socket.
[[0;32m  OK  [0m] Listening on ACPID Listen Socket.
[   58.992283] cloud-init[924]: |.o               |
[[0;32m  OK  [0m] Started ACPI Events Check.
[   59.752526] [[0;32m  OK  [0m] Reached target Paths.
[[0;32m  OK  [0m] Reached target Network is Online.
cloud-init[924]: +----[SHA256]-----+
         Starting iSCSI initiator daemon (iscsid)...
[   59.875356] cloud-init[924]: Generating public/private ecdsa key pair.
[   59.905784] cloud-init[924]: Your identification has been saved in /etc/ssh/ssh_host_ecdsa_key.
[   59.905905] cloud-init[924]: Your public key has been saved in /etc/ssh/ssh_host_ecdsa_key.pub.
[   59.906008] cloud-init[924]: The key fingerprint is:
[   59.906124] cloud-init[924]: SHA256:i8Rfb1dEUpqWs/BFa8/xXIWlNtoKNcvLBOHOrAa33/k root@ubuntu-xenial
[   59.906223] cloud-init[924]: The key's randomart image is:
[   59.906320] cloud-init[924]: +---[ECDSA 256]---+
[   59.906417] cloud-init[924]: |          .   .+*|
[   59.906514] cloud-init[924]: |         . .  .Oo|
[   59.906649] cloud-init[924]: |          o + X++|
[   59.906763] cloud-init[924]: |     .   + + X.O=|
[   59.906862] cloud-init[924]: |      + S * = + *|
[   59.906959] cloud-init[924]: |     . = = = o . |
[   59.907056] cloud-init[924]: |      . *   * .  |
[   59.907210] cloud-init[924]: |       . . o o   |
[   59.907308] cloud-init[924]: |          . o.E  |
[   59.907414] cloud-init[924]: +----[SHA256]-----+
[   59.907515] cloud-init[924]: Generating public/private ed25519 key pair.
[   59.907678] cloud-init[924]: Your identification has been saved in /etc/ssh/ssh_host_ed25519_key.
[   59.907795] cloud-init[924]: Your public key has been saved in /etc/ssh/ssh_host_ed25519_key.pub.
[   59.907897] cloud-init[924]: The key fingerprint is:
[   59.907993] cloud-init[924]: SHA256:lIASUPgJiqbG+yF8XSSpoighlG4/1st5UwEAyj53y1M root@ubuntu-xenial
[   59.908093] cloud-init[924]: The key's randomart image is:
[[0;32m  OK  [0m] Started Daily apt download activities.
[   59.908356] cloud-init[924]: +--[ED25519 256]--+
[   61.244785] cloud-init[924]: |.+oo.oo          |
[[0;32m  OK  [0m] Started Daily apt upgrade and clean activities.
[   61.254493] cloud-init[924]: |+ + . .o .       |
[   61.321333] cloud-init[924]: |oB o o .+        |
[[0;32m  OK  [0m] Reached target Timers.
[[0;32m  OK  [0m] Reached target Cloud-config availability.
[   61.378768] cloud-init[924]: |*.o . o. .       |
[   61.480946] cloud-init[924]: |** o . ES .      |
[[   61.504297] cloud-init[924]: |B+= = +  .       |
[   61.504950] cloud-init[924]: |=o.* *  .        |
[   61.505068] cloud-init[924]: |..+ + +o         |
[   61.505172] cloud-init[924]: |  .. +. .        |
[   61.505270] cloud-init[924]: +----[SHA256]-----+
[0;32m  OK  [0m] Listening on LXD - unix socket.
[[0;32m  OK  [0m] Listening on Socket activation for snappy daemon.
[[0;32m  OK  [0m] Started iSCSI initiator daemon (iscsid).
         Starting Login to default iSCSI targets...
[[0;32m  OK  [0m] Reached target Sockets.
[[0;32m  OK  [0m] Reached target Basic System.
         Starting Login Service...
[[0;32m  OK  [0m] Started Deferred execution scheduler.
         Starting LSB: Record successful boot for GRUB...
         Starting LSB: MD monitoring daemon...
         Starting System Logging Service...
[[0;32m  OK  [0m] Started FUSE filesystem for LXC.
[[0;32m  OK  [0m] Started D-Bus System Message Bus.
[[0;32m  OK  [0m] Started ACPI event daemon.
         Starting Apply the settings specified in cloud-config...
         Starting Snappy daemon...
         Starting /etc/rc.local Compatibility...
[[0;32m  OK  [0m] Started Regular background program processing daemon.
         Starting Pollinate to seed the pseudo random number generator...
         Starting Accounts Service...
[[0;32m  OK  [0m] Started Unattended Upgrades Shutdown.
         Starting LXD - container startup/shutdown...
[[0;32m  OK  [0m] Started System Logging Service.
[[0;32m  OK  [0m] Started Snappy daemon.
[[0;32m  OK  [0m] Started /etc/rc.local Compatibility.
[[0;32m  OK  [0m] Started Login to default iSCSI targets.
[[0;32m  OK  [0m] Started LXD - container startup/shutdown.
[[0;32m  OK  [0m] Started LSB: Record successful boot for GRUB.
[[0;32m  OK  [0m] Started LSB: MD monitoring daemon.
[[0;32m  OK  [0m] Started Login Service.
         Starting Authenticate and Authorize Users to Run Privileged Tasks...
[[0;32m  OK  [0m] Reached target Remote File Systems (Pre).
[[0;32m  OK  [0m] Reached target Remote File Systems.
         Starting LSB: VirtualBox Linux Additions...
         Starting LSB: daemon to balance interrupts for SMP systems...
         Starting LSB: Set the CPU Frequency Scaling governor to "ondemand"...
         Starting LSB: automatic crash report generation...
         Starting Permit User Sessions...
         Starting Auto import assertions from block devices...
[[0;32m  OK  [0m] Started Pollinate to seed the pseudo random number generator.
[[0;32m  OK  [0m] Started Permit User Sessions.
[[0;32m  OK  [0m] Started Auto import assertions from block devices.
[[0;32m  OK  [0m] Started Authenticate and Authorize Users to Run Privileged Tasks.
[[0;32m  OK  [0m] Started Accounts Service.
[[0;32m  OK  [0m] Started LSB: Set the CPU Frequency Scaling governor to "ondemand".
         Starting Hold until boot process finishes up...
         Starting Terminate Plymouth Boot Screen...
[   64.630264] cloud-init[1054]: Generating locales (this might take a while)...
         Starting OpenBSD Secure Shell server...
[[0;32m  OK  [0m] Started OpenBSD Secure Shell server.
[[0;32m  OK  [0m] Started LSB: VirtualBox Linux Additions.
[[0;32m  OK  [0m] Started LSB: daemon to balance interrupts for SMP systems.
[[0;32m  OK  [0m] Started LSB: automatic crash report generation.
[[0;32m  OK  [0m] Started Hold until boot process finishes up.
[[0;32m  OK  [0m] Started Terminate Plymouth Boot Screen.
         Starting Set console scheme...
[[0;32m  OK  [0m] Started Getty on tty1.
[[0;32m  OK  [0m] Started Serial Getty on ttyS0.
[[0;32m  OK  [0m] Reached target Login Prompts.
[[0;32m  OK  [0m] Reached target Multi-User System.
[[0;32m  OK  [0m] Reached target Graphical Interface.
         Starting Update UTMP about System Runlevel Changes...
[[0;32m  OK  [0m] Started Set console scheme.
[[0;32m  OK  [0m] Started Update UTMP about System Runlevel Changes.
[   67.860031] cloud-init[1054]:   en_US.UTF-8... done
[   67.912964] cloud-init[1054]: Generation complete.
         Stopping OpenBSD Secure Shell server...
[[0;32m  OK  [0m] Stopped OpenBSD Secure Shell server.
         Starting OpenBSD Secure Shell server...
[[0;32m  OK  [0m] Started OpenBSD Secure Shell server.
[   69.203753] cloud-init[1054]: Cloud-init v. 0.7.9 running 'modules:config' at Mon, 06 Nov 2017 20:50:40 +0000. Up 64.03 seconds.
[[0;32m  OK  [0m] Started Apply the settings specified in cloud-config.
         Starting Execute cloud user/final scripts...

Ubuntu 16.04.3 LTS ubuntu-xenial ttyS0

ubuntu-xenial login: ci-info: no authorized ssh keys fingerprints found for user ubuntu.
<14>Nov  6 20:50:48 ec2: 
<14>Nov  6 20:50:48 ec2: #############################################################
<14>Nov  6 20:50:48 ec2: -----BEGIN SSH HOST KEY FINGERPRINTS-----
<14>Nov  6 20:50:48 ec2: 1024 SHA256:nSl96EwrNmmVenQN79LCITQWWP4KkoaFqmmmtEwIMIc root@ubuntu-xenial (DSA)
<14>Nov  6 20:50:48 ec2: 256 SHA256:i8Rfb1dEUpqWs/BFa8/xXIWlNtoKNcvLBOHOrAa33/k root@ubuntu-xenial (ECDSA)
<14>Nov  6 20:50:48 ec2: 256 SHA256:lIASUPgJiqbG+yF8XSSpoighlG4/1st5UwEAyj53y1M root@ubuntu-xenial (ED25519)
<14>Nov  6 20:50:48 ec2: 2048 SHA256:yvX9jAn1Y6gDtFkTXzm3CFGpmNGr28vuqydt66s2QyU root@ubuntu-xenial (RSA)
<14>Nov  6 20:50:48 ec2: -----END SSH HOST KEY FINGERPRINTS-----
<14>Nov  6 20:50:48 ec2: #############################################################
-----BEGIN SSH HOST KEY KEYS-----
ecdsa-sha2-nistp256 AAAAE2VjZHNhLXNoYTItbmlzdHAyNTYAAAAIbmlzdHAyNTYAAABBBMbo4m/ybTT2Ri4ykLKiCdJ6fjJSlLxYyKGYokGyt0HcpW1j/qN0Lwzw4rpMl9AXeUNGtewHKAU27bqkew8gNKo= root@ubuntu-xenial
ssh-ed25519 AAAAC3NzaC1lZDI1NTE5AAAAIIi2xqww1YiDAszIMcMCdr2WC0ykO6oOvWpXgTenNkNp root@ubuntu-xenial
ssh-rsa AAAAB3NzaC1yc2EAAAADAQABAAABAQC/sHsqkpylO899HPbS81NkGUSzeGl9vfqdn544LfsJ4NV/h9apSDE6jFAPlhrX3iE4Z4W9ACmz79tBCm89FfpBFP5P8918TMtzbBLdvbAqQw18fJY+lcFKlWi+eW9JkAXoDcW+mSzqXTmBCXVAxB9YIlEiSgcF8J1iOWRNd41rz3hFVCzNHFwTK01VlE4sIO66XioWSuJXqNsEiwfkGLnUFHkHki9UM4BwPutI1Tqu5EMAd5Yha7ro7KT5aFINyCnPvcxL30dZ0fkQqDOfc5/CrMcIDVDT6hPBCYWLK1sW6mH0zuv5uTvs+5c9uWIxPy36Iu9X3N3VPrqqxsGlCR9z root@ubuntu-xenial
-----END SSH HOST KEY KEYS-----
[   71.491937] cloud-init[1297]: Cloud-init v. 0.7.9 running 'modules:final' at Mon, 06 Nov 2017 20:50:47 +0000. Up 70.75 seconds.
[   71.492431] cloud-init[1297]: ci-info: no authorized ssh keys fingerprints found for user ubuntu.
[   71.492966] cloud-init[1297]: Cloud-init v. 0.7.9 finished at Mon, 06 Nov 2017 20:50:48 +0000. Datasource DataSourceNoCloud [seed=/dev/sdb][dsmode=net].  Up 71.47 seconds
